[2022-10-22 19:56:39] laravel.EMERGENCY: Unable to create configured logger. Using emergency logger. {"exception":"[object] (InvalidArgumentException(code: 0): Log [default] is not defined. at /Users/abenevaut/Sites/opensource/laravel-one/vendor/laravel/framework/src/Illuminate/Log/LogManager.php:207)
[stacktrace]
#0 /Users/abenevaut/Sites/opensource/laravel-one/vendor/laravel/framework/src/Illuminate/Log/LogManager.php(132): Illuminate\\Log\\LogManager->resolve('default', NULL)
#1 /Users/abenevaut/Sites/opensource/laravel-one/vendor/laravel/framework/src/Illuminate/Log/LogManager.php(119): Illuminate\\Log\\LogManager->get('default')
#2 /Users/abenevaut/Sites/opensource/laravel-one/vendor/laravel/framework/src/Illuminate/Log/LogManager.php(642): Illuminate\\Log\\LogManager->driver()
#3 /Users/abenevaut/Sites/opensource/laravel-one/vendor/laravel-zero/foundation/src/Illuminate/Foundation/Exceptions/Handler.php(278): Illuminate\\Log\\LogManager->error('Illuminate\\\\Rout...', Array)
#4 /Users/abenevaut/Sites/opensource/laravel-one/vendor/nunomaduro/collision/src/Adapters/Laravel/ExceptionHandler.php(46): Illuminate\\Foundation\\Exceptions\\Handler->report(Object(Illuminate\\View\\ViewException))
#5 /Users/abenevaut/Sites/opensource/laravel-one/vendor/laravel-zero/foundation/src/Illuminate/Foundation/Console/Kernel.php(367): NunoMaduro\\Collision\\Adapters\\Laravel\\ExceptionHandler->report(Object(Illuminate\\View\\ViewException))
#6 /Users/abenevaut/Sites/opensource/laravel-one/vendor/laravel-zero/foundation/src/Illuminate/Foundation/Console/Kernel.php(131): Illuminate\\Foundation\\Console\\Kernel->reportException(Object(Illuminate\\View\\ViewException))
#7 /Users/abenevaut/Sites/opensource/laravel-one/vendor/laravel-zero/framework/src/Kernel.php(96): Illuminate\\Foundation\\Console\\Kernel->handle(Object(Symfony\\Component\\Console\\Input\\ArgvInput), Object(Symfony\\Component\\Console\\Output\\ConsoleOutput))
#8 /Users/abenevaut/Sites/opensource/laravel-one/laravel-one(37): LaravelZero\\Framework\\Kernel->handle(Object(Symfony\\Component\\Console\\Input\\ArgvInput), Object(Symfony\\Component\\Console\\Output\\ConsoleOutput))
#9 {main}
"} 
[2022-10-22 19:56:39] laravel.ERROR: Illuminate\Routing\UrlGenerator::__construct(): Argument #2 ($request) must be of type Illuminate\Http\Request, null given, called in /Users/abenevaut/Sites/opensource/laravel-one/vendor/laravel/framework/src/Illuminate/Routing/RoutingServiceProvider.php on line 67 (View: /Users/abenevaut/Sites/opensource/laravel-one/vendor/spatie/laravel-sitemap/resources/views/url.blade.php) (View: /Users/abenevaut/Sites/opensource/laravel-one/vendor/spatie/laravel-sitemap/resources/views/url.blade.php) {"exception":"[object] (Illuminate\\View\\ViewException(code: 0): Illuminate\\Routing\\UrlGenerator::__construct(): Argument #2 ($request) must be of type Illuminate\\Http\\Request, null given, called in /Users/abenevaut/Sites/opensource/laravel-one/vendor/laravel/framework/src/Illuminate/Routing/RoutingServiceProvider.php on line 67 (View: /Users/abenevaut/Sites/opensource/laravel-one/vendor/spatie/laravel-sitemap/resources/views/url.blade.php) (View: /Users/abenevaut/Sites/opensource/laravel-one/vendor/spatie/laravel-sitemap/resources/views/url.blade.php) at /Users/abenevaut/Sites/opensource/laravel-one/vendor/laravel/framework/src/Illuminate/Routing/UrlGenerator.php:121)
[stacktrace]
#0 /Users/abenevaut/Sites/opensource/laravel-one/vendor/laravel/framework/src/Illuminate/View/Engines/PhpEngine.php(60): Illuminate\\View\\Engines\\CompilerEngine->handleViewException(Object(Illuminate\\View\\ViewException), 0)
#1 /Users/abenevaut/Sites/opensource/laravel-one/vendor/laravel/framework/src/Illuminate/View/Engines/CompilerEngine.php(70): Illuminate\\View\\Engines\\PhpEngine->evaluatePath('/Users/abenevau...', Array)
#2 /Users/abenevaut/Sites/opensource/laravel-one/vendor/laravel/framework/src/Illuminate/View/View.php(139): Illuminate\\View\\Engines\\CompilerEngine->get('/Users/abenevau...', Array)
#3 /Users/abenevaut/Sites/opensource/laravel-one/vendor/laravel/framework/src/Illuminate/View/View.php(122): Illuminate\\View\\View->getContents()
#4 /Users/abenevaut/Sites/opensource/laravel-one/vendor/laravel/framework/src/Illuminate/View/View.php(91): Illuminate\\View\\View->renderContents()
#5 /Users/abenevaut/Sites/opensource/laravel-one/vendor/spatie/laravel-sitemap/src/Sitemap.php(71): Illuminate\\View\\View->render()
#6 /Users/abenevaut/Sites/opensource/laravel-one/vendor/spatie/laravel-sitemap/src/Sitemap.php(76): Spatie\\Sitemap\\Sitemap->render()
#7 /Users/abenevaut/Sites/opensource/laravel-one/app/Commands/GenerateCommand.php(81): Spatie\\Sitemap\\Sitemap->writeToFile('/Users/abenevau...')
#8 /Users/abenevaut/Sites/opensource/laravel-one/vendor/laravel/framework/src/Illuminate/Container/BoundMethod.php(36): App\\Commands\\GenerateCommand->handle()
#9 /Users/abenevaut/Sites/opensource/laravel-one/vendor/laravel/framework/src/Illuminate/Container/Util.php(41): Illuminate\\Container\\BoundMethod::Illuminate\\Container\\{closure}()
#10 /Users/abenevaut/Sites/opensource/laravel-one/vendor/laravel/framework/src/Illuminate/Container/BoundMethod.php(93): Illuminate\\Container\\Util::unwrapIfClosure(Object(Closure))
#11 /Users/abenevaut/Sites/opensource/laravel-one/vendor/laravel/framework/src/Illuminate/Container/BoundMethod.php(37): Illuminate\\Container\\BoundMethod::callBoundMethod(Object(LaravelZero\\Framework\\Application), Array, Object(Closure))
#12 /Users/abenevaut/Sites/opensource/laravel-one/vendor/laravel/framework/src/Illuminate/Container/Container.php(651): Illuminate\\Container\\BoundMethod::call(Object(LaravelZero\\Framework\\Application), Array, Array, NULL)
#13 /Users/abenevaut/Sites/opensource/laravel-one/vendor/laravel/framework/src/Illuminate/Console/Command.php(144): Illuminate\\Container\\Container->call(Array)
#14 /Users/abenevaut/Sites/opensource/laravel-one/vendor/symfony/console/Command/Command.php(308): Illuminate\\Console\\Command->execute(Object(Symfony\\Component\\Console\\Input\\ArgvInput), Object(Illuminate\\Console\\OutputStyle))
#15 /Users/abenevaut/Sites/opensource/laravel-one/vendor/laravel/framework/src/Illuminate/Console/Command.php(126): Symfony\\Component\\Console\\Command\\Command->run(Object(Symfony\\Component\\Console\\Input\\ArgvInput), Object(Illuminate\\Console\\OutputStyle))
#16 /Users/abenevaut/Sites/opensource/laravel-one/vendor/symfony/console/Application.php(1002): Illuminate\\Console\\Command->run(Object(Symfony\\Component\\Console\\Input\\ArgvInput), Object(Symfony\\Component\\Console\\Output\\ConsoleOutput))
#17 /Users/abenevaut/Sites/opensource/laravel-one/vendor/symfony/console/Application.php(299): Symfony\\Component\\Console\\Application->doRunCommand(Object(App\\Commands\\GenerateCommand), Object(Symfony\\Component\\Console\\Input\\ArgvInput), Object(Symfony\\Component\\Console\\Output\\ConsoleOutput))
#18 /Users/abenevaut/Sites/opensource/laravel-one/vendor/symfony/console/Application.php(171): Symfony\\Component\\Console\\Application->doRun(Object(Symfony\\Component\\Console\\Input\\ArgvInput), Object(Symfony\\Component\\Console\\Output\\ConsoleOutput))
#19 /Users/abenevaut/Sites/opensource/laravel-one/vendor/laravel/framework/src/Illuminate/Console/Application.php(102): Symfony\\Component\\Console\\Application->run(Object(Symfony\\Component\\Console\\Input\\ArgvInput), Object(Symfony\\Component\\Console\\Output\\ConsoleOutput))
#20 /Users/abenevaut/Sites/opensource/laravel-one/vendor/laravel-zero/foundation/src/Illuminate/Foundation/Console/Kernel.php(129): Illuminate\\Console\\Application->run(Object(Symfony\\Component\\Console\\Input\\ArgvInput), Object(Symfony\\Component\\Console\\Output\\ConsoleOutput))
#21 /Users/abenevaut/Sites/opensource/laravel-one/vendor/laravel-zero/framework/src/Kernel.php(96): Illuminate\\Foundation\\Console\\Kernel->handle(Object(Symfony\\Component\\Console\\Input\\ArgvInput), Object(Symfony\\Component\\Console\\Output\\ConsoleOutput))
#22 /Users/abenevaut/Sites/opensource/laravel-one/laravel-one(37): LaravelZero\\Framework\\Kernel->handle(Object(Symfony\\Component\\Console\\Input\\ArgvInput), Object(Symfony\\Component\\Console\\Output\\ConsoleOutput))
#23 {main}

[previous exception] [object] (Illuminate\\View\\ViewException(code: 0): Illuminate\\Routing\\UrlGenerator::__construct(): Argument #2 ($request) must be of type Illuminate\\Http\\Request, null given, called in /Users/abenevaut/Sites/opensource/laravel-one/vendor/laravel/framework/src/Illuminate/Routing/RoutingServiceProvider.php on line 67 (View: /Users/abenevaut/Sites/opensource/laravel-one/vendor/spatie/laravel-sitemap/resources/views/url.blade.php) at /Users/abenevaut/Sites/opensource/laravel-one/vendor/laravel/framework/src/Illuminate/Routing/UrlGenerator.php:121)
[stacktrace]
#0 /Users/abenevaut/Sites/opensource/laravel-one/vendor/laravel/framework/src/Illuminate/View/Engines/PhpEngine.php(60): Illuminate\\View\\Engines\\CompilerEngine->handleViewException(Object(TypeError), 1)
#1 /Users/abenevaut/Sites/opensource/laravel-one/vendor/laravel/framework/src/Illuminate/View/Engines/CompilerEngine.php(70): Illuminate\\View\\Engines\\PhpEngine->evaluatePath('/Users/abenevau...', Array)
#2 /Users/abenevaut/Sites/opensource/laravel-one/vendor/laravel/framework/src/Illuminate/View/View.php(139): Illuminate\\View\\Engines\\CompilerEngine->get('/Users/abenevau...', Array)
#3 /Users/abenevaut/Sites/opensource/laravel-one/vendor/laravel/framework/src/Illuminate/View/View.php(122): Illuminate\\View\\View->getContents()
#4 /Users/abenevaut/Sites/opensource/laravel-one/vendor/laravel/framework/src/Illuminate/View/View.php(91): Illuminate\\View\\View->renderContents()
#5 /Users/abenevaut/Sites/opensource/laravel-one/.cache/b9bee162086ae461acf6d8b0e79a742a85e36fda.php(4): Illuminate\\View\\View->render()
#6 /Users/abenevaut/Sites/opensource/laravel-one/vendor/laravel/framework/src/Illuminate/Filesystem/Filesystem.php(109): require('/Users/abenevau...')
#7 /Users/abenevaut/Sites/opensource/laravel-one/vendor/laravel/framework/src/Illuminate/Filesystem/Filesystem.php(110): Illuminate\\Filesystem\\Filesystem::Illuminate\\Filesystem\\{closure}()
#8 /Users/abenevaut/Sites/opensource/laravel-one/vendor/laravel/framework/src/Illuminate/View/Engines/PhpEngine.php(58): Illuminate\\Filesystem\\Filesystem->getRequire('/Users/abenevau...', Array)
#9 /Users/abenevaut/Sites/opensource/laravel-one/vendor/laravel/framework/src/Illuminate/View/Engines/CompilerEngine.php(70): Illuminate\\View\\Engines\\PhpEngine->evaluatePath('/Users/abenevau...', Array)
#10 /Users/abenevaut/Sites/opensource/laravel-one/vendor/laravel/framework/src/Illuminate/View/View.php(139): Illuminate\\View\\Engines\\CompilerEngine->get('/Users/abenevau...', Array)
#11 /Users/abenevaut/Sites/opensource/laravel-one/vendor/laravel/framework/src/Illuminate/View/View.php(122): Illuminate\\View\\View->getContents()
#12 /Users/abenevaut/Sites/opensource/laravel-one/vendor/laravel/framework/src/Illuminate/View/View.php(91): Illuminate\\View\\View->renderContents()
#13 /Users/abenevaut/Sites/opensource/laravel-one/vendor/spatie/laravel-sitemap/src/Sitemap.php(71): Illuminate\\View\\View->render()
#14 /Users/abenevaut/Sites/opensource/laravel-one/vendor/spatie/laravel-sitemap/src/Sitemap.php(76): Spatie\\Sitemap\\Sitemap->render()
#15 /Users/abenevaut/Sites/opensource/laravel-one/app/Commands/GenerateCommand.php(81): Spatie\\Sitemap\\Sitemap->writeToFile('/Users/abenevau...')
#16 /Users/abenevaut/Sites/opensource/laravel-one/vendor/laravel/framework/src/Illuminate/Container/BoundMethod.php(36): App\\Commands\\GenerateCommand->handle()
#17 /Users/abenevaut/Sites/opensource/laravel-one/vendor/laravel/framework/src/Illuminate/Container/Util.php(41): Illuminate\\Container\\BoundMethod::Illuminate\\Container\\{closure}()
#18 /Users/abenevaut/Sites/opensource/laravel-one/vendor/laravel/framework/src/Illuminate/Container/BoundMethod.php(93): Illuminate\\Container\\Util::unwrapIfClosure(Object(Closure))
#19 /Users/abenevaut/Sites/opensource/laravel-one/vendor/laravel/framework/src/Illuminate/Container/BoundMethod.php(37): Illuminate\\Container\\BoundMethod::callBoundMethod(Object(LaravelZero\\Framework\\Application), Array, Object(Closure))
#20 /Users/abenevaut/Sites/opensource/laravel-one/vendor/laravel/framework/src/Illuminate/Container/Container.php(651): Illuminate\\Container\\BoundMethod::call(Object(LaravelZero\\Framework\\Application), Array, Array, NULL)
#21 /Users/abenevaut/Sites/opensource/laravel-one/vendor/laravel/framework/src/Illuminate/Console/Command.php(144): Illuminate\\Container\\Container->call(Array)
#22 /Users/abenevaut/Sites/opensource/laravel-one/vendor/symfony/console/Command/Command.php(308): Illuminate\\Console\\Command->execute(Object(Symfony\\Component\\Console\\Input\\ArgvInput), Object(Illuminate\\Console\\OutputStyle))
#23 /Users/abenevaut/Sites/opensource/laravel-one/vendor/laravel/framework/src/Illuminate/Console/Command.php(126): Symfony\\Component\\Console\\Command\\Command->run(Object(Symfony\\Component\\Console\\Input\\ArgvInput), Object(Illuminate\\Console\\OutputStyle))
#24 /Users/abenevaut/Sites/opensource/laravel-one/vendor/symfony/console/Application.php(1002): Illuminate\\Console\\Command->run(Object(Symfony\\Component\\Console\\Input\\ArgvInput), Object(Symfony\\Component\\Console\\Output\\ConsoleOutput))
#25 /Users/abenevaut/Sites/opensource/laravel-one/vendor/symfony/console/Application.php(299): Symfony\\Component\\Console\\Application->doRunCommand(Object(App\\Commands\\GenerateCommand), Object(Symfony\\Component\\Console\\Input\\ArgvInput), Object(Symfony\\Component\\Console\\Output\\ConsoleOutput))
#26 /Users/abenevaut/Sites/opensource/laravel-one/vendor/symfony/console/Application.php(171): Symfony\\Component\\Console\\Application->doRun(Object(Symfony\\Component\\Console\\Input\\ArgvInput), Object(Symfony\\Component\\Console\\Output\\ConsoleOutput))
#27 /Users/abenevaut/Sites/opensource/laravel-one/vendor/laravel/framework/src/Illuminate/Console/Application.php(102): Symfony\\Component\\Console\\Application->run(Object(Symfony\\Component\\Console\\Input\\ArgvInput), Object(Symfony\\Component\\Console\\Output\\ConsoleOutput))
#28 /Users/abenevaut/Sites/opensource/laravel-one/vendor/laravel-zero/foundation/src/Illuminate/Foundation/Console/Kernel.php(129): Illuminate\\Console\\Application->run(Object(Symfony\\Component\\Console\\Input\\ArgvInput), Object(Symfony\\Component\\Console\\Output\\ConsoleOutput))
#29 /Users/abenevaut/Sites/opensource/laravel-one/vendor/laravel-zero/framework/src/Kernel.php(96): Illuminate\\Foundation\\Console\\Kernel->handle(Object(Symfony\\Component\\Console\\Input\\ArgvInput), Object(Symfony\\Component\\Console\\Output\\ConsoleOutput))
#30 /Users/abenevaut/Sites/opensource/laravel-one/laravel-one(37): LaravelZero\\Framework\\Kernel->handle(Object(Symfony\\Component\\Console\\Input\\ArgvInput), Object(Symfony\\Component\\Console\\Output\\ConsoleOutput))
#31 {main}

[previous exception] [object] (TypeError(code: 0): Illuminate\\Routing\\UrlGenerator::__construct(): Argument #2 ($request) must be of type Illuminate\\Http\\Request, null given, called in /Users/abenevaut/Sites/opensource/laravel-one/vendor/laravel/framework/src/Illuminate/Routing/RoutingServiceProvider.php on line 67 at /Users/abenevaut/Sites/opensource/laravel-one/vendor/laravel/framework/src/Illuminate/Routing/UrlGenerator.php:121)
[stacktrace]
#0 /Users/abenevaut/Sites/opensource/laravel-one/vendor/laravel/framework/src/Illuminate/Routing/RoutingServiceProvider.php(67): Illuminate\\Routing\\UrlGenerator->__construct(Object(Illuminate\\Routing\\RouteCollection), NULL, NULL)
#1 /Users/abenevaut/Sites/opensource/laravel-one/vendor/laravel/framework/src/Illuminate/Container/Container.php(871): Illuminate\\Routing\\RoutingServiceProvider->Illuminate\\Routing\\{closure}(Object(LaravelZero\\Framework\\Application), Array)
#2 /Users/abenevaut/Sites/opensource/laravel-one/vendor/laravel/framework/src/Illuminate/Container/Container.php(756): Illuminate\\Container\\Container->build(Object(Closure))
#3 /Users/abenevaut/Sites/opensource/laravel-one/vendor/laravel-zero/foundation/src/Illuminate/Foundation/Application.php(863): Illuminate\\Container\\Container->resolve('url', Array, true)
#4 /Users/abenevaut/Sites/opensource/laravel-one/vendor/laravel/framework/src/Illuminate/Container/Container.php(692): Illuminate\\Foundation\\Application->resolve('url', Array)
#5 /Users/abenevaut/Sites/opensource/laravel-one/vendor/laravel-zero/foundation/src/Illuminate/Foundation/Application.php(848): Illuminate\\Container\\Container->make('url', Array)
#6 /Users/abenevaut/Sites/opensource/laravel-one/vendor/laravel-zero/foundation/src/Illuminate/Foundation/helpers.php(119): Illuminate\\Foundation\\Application->make('url', Array)
#7 /Users/abenevaut/Sites/opensource/laravel-one/vendor/laravel-zero/foundation/src/Illuminate/Foundation/helpers.php(926): app('Illuminate\\\\Cont...')
#8 /Users/abenevaut/Sites/opensource/laravel-one/.cache/e3886e5ae7edd9ae62fc1581e06e3984bd5cf855.php(3): url('https://www.abe...')
#9 /Users/abenevaut/Sites/opensource/laravel-one/vendor/laravel/framework/src/Illuminate/Filesystem/Filesystem.php(109): require('/Users/abenevau...')
#10 /Users/abenevaut/Sites/opensource/laravel-one/vendor/laravel/framework/src/Illuminate/Filesystem/Filesystem.php(110): Illuminate\\Filesystem\\Filesystem::Illuminate\\Filesystem\\{closure}()
#11 /Users/abenevaut/Sites/opensource/laravel-one/vendor/laravel/framework/src/Illuminate/View/Engines/PhpEngine.php(58): Illuminate\\Filesystem\\Filesystem->getRequire('/Users/abenevau...', Array)
#12 /Users/abenevaut/Sites/opensource/laravel-one/vendor/laravel/framework/src/Illuminate/View/Engines/CompilerEngine.php(70): Illuminate\\View\\Engines\\PhpEngine->evaluatePath('/Users/abenevau...', Array)
#13 /Users/abenevaut/Sites/opensource/laravel-one/vendor/laravel/framework/src/Illuminate/View/View.php(139): Illuminate\\View\\Engines\\CompilerEngine->get('/Users/abenevau...', Array)
#14 /Users/abenevaut/Sites/opensource/laravel-one/vendor/laravel/framework/src/Illuminate/View/View.php(122): Illuminate\\View\\View->getContents()
#15 /Users/abenevaut/Sites/opensource/laravel-one/vendor/laravel/framework/src/Illuminate/View/View.php(91): Illuminate\\View\\View->renderContents()
#16 /Users/abenevaut/Sites/opensource/laravel-one/.cache/b9bee162086ae461acf6d8b0e79a742a85e36fda.php(4): Illuminate\\View\\View->render()
#17 /Users/abenevaut/Sites/opensource/laravel-one/vendor/laravel/framework/src/Illuminate/Filesystem/Filesystem.php(109): require('/Users/abenevau...')
#18 /Users/abenevaut/Sites/opensource/laravel-one/vendor/laravel/framework/src/Illuminate/Filesystem/Filesystem.php(110): Illuminate\\Filesystem\\Filesystem::Illuminate\\Filesystem\\{closure}()
#19 /Users/abenevaut/Sites/opensource/laravel-one/vendor/laravel/framework/src/Illuminate/View/Engines/PhpEngine.php(58): Illuminate\\Filesystem\\Filesystem->getRequire('/Users/abenevau...', Array)
#20 /Users/abenevaut/Sites/opensource/laravel-one/vendor/laravel/framework/src/Illuminate/View/Engines/CompilerEngine.php(70): Illuminate\\View\\Engines\\PhpEngine->evaluatePath('/Users/abenevau...', Array)
#21 /Users/abenevaut/Sites/opensource/laravel-one/vendor/laravel/framework/src/Illuminate/View/View.php(139): Illuminate\\View\\Engines\\CompilerEngine->get('/Users/abenevau...', Array)
#22 /Users/abenevaut/Sites/opensource/laravel-one/vendor/laravel/framework/src/Illuminate/View/View.php(122): Illuminate\\View\\View->getContents()
#23 /Users/abenevaut/Sites/opensource/laravel-one/vendor/laravel/framework/src/Illuminate/View/View.php(91): Illuminate\\View\\View->renderContents()
#24 /Users/abenevaut/Sites/opensource/laravel-one/vendor/spatie/laravel-sitemap/src/Sitemap.php(71): Illuminate\\View\\View->render()
#25 /Users/abenevaut/Sites/opensource/laravel-one/vendor/spatie/laravel-sitemap/src/Sitemap.php(76): Spatie\\Sitemap\\Sitemap->render()
#26 /Users/abenevaut/Sites/opensource/laravel-one/app/Commands/GenerateCommand.php(81): Spatie\\Sitemap\\Sitemap->writeToFile('/Users/abenevau...')
#27 /Users/abenevaut/Sites/opensource/laravel-one/vendor/laravel/framework/src/Illuminate/Container/BoundMethod.php(36): App\\Commands\\GenerateCommand->handle()
#28 /Users/abenevaut/Sites/opensource/laravel-one/vendor/laravel/framework/src/Illuminate/Container/Util.php(41): Illuminate\\Container\\BoundMethod::Illuminate\\Container\\{closure}()
#29 /Users/abenevaut/Sites/opensource/laravel-one/vendor/laravel/framework/src/Illuminate/Container/BoundMethod.php(93): Illuminate\\Container\\Util::unwrapIfClosure(Object(Closure))
#30 /Users/abenevaut/Sites/opensource/laravel-one/vendor/laravel/framework/src/Illuminate/Container/BoundMethod.php(37): Illuminate\\Container\\BoundMethod::callBoundMethod(Object(LaravelZero\\Framework\\Application), Array, Object(Closure))
#31 /Users/abenevaut/Sites/opensource/laravel-one/vendor/laravel/framework/src/Illuminate/Container/Container.php(651): Illuminate\\Container\\BoundMethod::call(Object(LaravelZero\\Framework\\Application), Array, Array, NULL)
#32 /Users/abenevaut/Sites/opensource/laravel-one/vendor/laravel/framework/src/Illuminate/Console/Command.php(144): Illuminate\\Container\\Container->call(Array)
#33 /Users/abenevaut/Sites/opensource/laravel-one/vendor/symfony/console/Command/Command.php(308): Illuminate\\Console\\Command->execute(Object(Symfony\\Component\\Console\\Input\\ArgvInput), Object(Illuminate\\Console\\OutputStyle))
#34 /Users/abenevaut/Sites/opensource/laravel-one/vendor/laravel/framework/src/Illuminate/Console/Command.php(126): Symfony\\Component\\Console\\Command\\Command->run(Object(Symfony\\Component\\Console\\Input\\ArgvInput), Object(Illuminate\\Console\\OutputStyle))
#35 /Users/abenevaut/Sites/opensource/laravel-one/vendor/symfony/console/Application.php(1002): Illuminate\\Console\\Command->run(Object(Symfony\\Component\\Console\\Input\\ArgvInput), Object(Symfony\\Component\\Console\\Output\\ConsoleOutput))
#36 /Users/abenevaut/Sites/opensource/laravel-one/vendor/symfony/console/Application.php(299): Symfony\\Component\\Console\\Application->doRunCommand(Object(App\\Commands\\GenerateCommand), Object(Symfony\\Component\\Console\\Input\\ArgvInput), Object(Symfony\\Component\\Console\\Output\\ConsoleOutput))
#37 /Users/abenevaut/Sites/opensource/laravel-one/vendor/symfony/console/Application.php(171): Symfony\\Component\\Console\\Application->doRun(Object(Symfony\\Component\\Console\\Input\\ArgvInput), Object(Symfony\\Component\\Console\\Output\\ConsoleOutput))
#38 /Users/abenevaut/Sites/opensource/laravel-one/vendor/laravel/framework/src/Illuminate/Console/Application.php(102): Symfony\\Component\\Console\\Application->run(Object(Symfony\\Component\\Console\\Input\\ArgvInput), Object(Symfony\\Component\\Console\\Output\\ConsoleOutput))
#39 /Users/abenevaut/Sites/opensource/laravel-one/vendor/laravel-zero/foundation/src/Illuminate/Foundation/Console/Kernel.php(129): Illuminate\\Console\\Application->run(Object(Symfony\\Component\\Console\\Input\\ArgvInput), Object(Symfony\\Component\\Console\\Output\\ConsoleOutput))
#40 /Users/abenevaut/Sites/opensource/laravel-one/vendor/laravel-zero/framework/src/Kernel.php(96): Illuminate\\Foundation\\Console\\Kernel->handle(Object(Symfony\\Component\\Console\\Input\\ArgvInput), Object(Symfony\\Component\\Console\\Output\\ConsoleOutput))
#41 /Users/abenevaut/Sites/opensource/laravel-one/laravel-one(37): LaravelZero\\Framework\\Kernel->handle(Object(Symfony\\Component\\Console\\Input\\ArgvInput), Object(Symfony\\Component\\Console\\Output\\ConsoleOutput))
#42 {main}
"} 
